Build started 2/12/2014 9:05:24 AM.
     1>Project "C:\Users\Admin\Desktop\Win32A2\Win32A2\Win32A2.vcxproj" on node 2 (build target(s)).
     1>PrepareForBuild:
         Creating directory "C:\Users\Admin\Desktop\Win32A2\Debug\".
       InitializeBuildStatus:
         Creating "Debug\Win32A2.unsuccessfulbuild" because "AlwaysCreate" was specified.
       ClCompile:
         c:\Program Files (x86)\Microsoft Visual Studio 10.0\VC\bin\CL.exe /c /ZI /nologo /W3 /WX- /Od /Oy- /D WIN32 /D _DEBUG /D _WINDOWS /D _MBCS /Gm /EHsc /RTC1 /MDd /GS /fp:precise /Zc:wchar_t /Zc:forScope /Fo"Debug\\" /Fd"Debug\vc100.pdb" /Gd /TP /analyze- /errorReport:prompt Client.cpp EditResultBox.cpp Main.cpp Server.cpp
         Server.cpp
         Main.cpp
         EditResultBox.cpp
         Client.cpp
         Generating Code...
       ResourceCompile:
         C:\Program Files (x86)\Microsoft SDKs\Windows\v7.0A\bin\rc.exe /l"0x0409" /nologo /fo"Debug\Win32A2.res" Win32A2.rc 
       ManifestResourceCompile:
         C:\Program Files (x86)\Microsoft SDKs\Windows\v7.0A\bin\rc.exe /nologo /fo"Debug\Win32A2.exe.embed.manifest.res" Debug\Win32A2_manifest.rc 
       Link:
         c:\Program Files (x86)\Microsoft Visual Studio 10.0\VC\bin\link.exe /ERRORREPORT:PROMPT /OUT:"C:\Users\Admin\Desktop\Win32A2\Debug\Win32A2.exe" /INCREMENTAL /NOLOGO kernel32.lib user32.lib gdi32.lib winspool.lib comdlg32.lib advapi32.lib shell32.lib ole32.lib oleaut32.lib uuid.lib odbc32.lib odbccp32.lib /MANIFEST /ManifestFile:"Debug\Win32A2.exe.intermediate.manifest" /MANIFESTUAC:"level='asInvoker' uiAccess='false'" /DEBUG /PDB:"C:\Users\Admin\Desktop\Win32A2\Debug\Win32A2.pdb" /SUBSYSTEM:WINDOWS /TLBID:1 /DYNAMICBASE /NXCOMPAT /IMPLIB:"C:\Users\Admin\Desktop\Win32A2\Debug\Win32A2.lib" /MACHINE:X86 Debug\Win32A2.res
         Debug\Win32A2.exe.embed.manifest.res
         Debug\Client.obj
         Debug\EditResultBox.obj
         Debug\Main.obj
         Debug\Server.obj
       Manifest:
         C:\Program Files (x86)\Microsoft SDKs\Windows\v7.0A\bin\mt.exe /nologo /verbose /out:"Debug\Win32A2.exe.embed.manifest" /manifest Debug\Win32A2.exe.intermediate.manifest
         C:\Program Files (x86)\Microsoft SDKs\Windows\v7.0A\bin\rc.exe /nologo /fo"Debug\Win32A2.exe.embed.manifest.res" Debug\Win32A2_manifest.rc 
       LinkEmbedManifest:
         c:\Program Files (x86)\Microsoft Visual Studio 10.0\VC\bin\link.exe /ERRORREPORT:PROMPT /OUT:"C:\Users\Admin\Desktop\Win32A2\Debug\Win32A2.exe" /INCREMENTAL /NOLOGO kernel32.lib user32.lib gdi32.lib winspool.lib comdlg32.lib advapi32.lib shell32.lib ole32.lib oleaut32.lib uuid.lib odbc32.lib odbccp32.lib /MANIFEST /ManifestFile:"Debug\Win32A2.exe.intermediate.manifest" /MANIFESTUAC:"level='asInvoker' uiAccess='false'" /DEBUG /PDB:"C:\Users\Admin\Desktop\Win32A2\Debug\Win32A2.pdb" /SUBSYSTEM:WINDOWS /TLBID:1 /DYNAMICBASE /NXCOMPAT /IMPLIB:"C:\Users\Admin\Desktop\Win32A2\Debug\Win32A2.lib" /MACHINE:X86 Debug\Win32A2.res
         Debug\Win32A2.exe.embed.manifest.res
         Debug\Client.obj
         Debug\EditResultBox.obj
         Debug\Main.obj
         Debug\Server.obj
         Win32A2.vcxproj -> C:\Users\Admin\Desktop\Win32A2\Debug\Win32A2.exe
       FinalizeBuildStatus:
         Deleting file "Debug\Win32A2.unsuccessfulbuild".
         Touching "Debug\Win32A2.lastbuildstate".
     1>Done Building Project "C:\Users\Admin\Desktop\Win32A2\Win32A2\Win32A2.vcxproj" (build target(s)).

Build succeeded.

Time Elapsed 00:00:02.73
